This is pdfTeX, Version 3.14159265-2.6-1.40.21 (MiKTeX 20.7) (preloaded format=pdflatex 2020.8.22)  31 AUG 2020 19:26
entering extended mode
**"./Penjelasan arstitektur.tex"
("Penjelasan arstitektur.tex"
LaTeX2e <2020-02-02> patch level 5
L3 programming layer <2020-08-07>
("E:\Arief\something soft\MiKTeX\tex/latex/base\article.cls"
Document Class: article 2019/12/20 v1.4l Standard LaTeX document class
("E:\Arief\something soft\MiKTeX\tex/latex/base\size10.clo"
File: size10.clo 2019/12/20 v1.4l Standard LaTeX file (size option)
)
\c@part=\count168
\c@section=\count169
\c@subsection=\count170
\c@subsubsection=\count171
\c@paragraph=\count172
\c@subparagraph=\count173
\c@figure=\count174
\c@table=\count175
\abovecaptionskip=\skip47
\belowcaptionskip=\skip48
\bibindent=\dimen134
)
("E:\Arief\something soft\MiKTeX\tex/latex/geometry\geometry.sty"
Package: geometry 2020/01/02 v5.9 Page Geometry

("E:\Arief\something soft\MiKTeX\tex/latex/graphics\keyval.sty"
Package: keyval 2014/10/28 v1.15 key=value parser (DPC)
\KV@toks@=\toks15
)
("E:\Arief\something soft\MiKTeX\tex/generic/iftex\ifvtex.sty"
Package: ifvtex 2019/10/25 v1.7 ifvtex legacy package. Use iftex instead.

("E:\Arief\something soft\MiKTeX\tex/generic/iftex\iftex.sty"
Package: iftex 2020/03/06 v1.0d TeX engine tests
))
\Gm@cnth=\count176
\Gm@cntv=\count177
\c@Gm@tempcnt=\count178
\Gm@bindingoffset=\dimen135
\Gm@wd@mp=\dimen136
\Gm@odd@mp=\dimen137
\Gm@even@mp=\dimen138
\Gm@layoutwidth=\dimen139
\Gm@layoutheight=\dimen140
\Gm@layouthoffset=\dimen141
\Gm@layoutvoffset=\dimen142
\Gm@dimlist=\toks16

("E:\Arief\something soft\MiKTeX\tex/latex/geometry\geometry.cfg"))
("E:\Arief\something soft\MiKTeX\tex/latex/graphics\graphicx.sty"
Package: graphicx 2019/11/30 v1.2a Enhanced LaTeX Graphics (DPC,SPQR)

("E:\Arief\something soft\MiKTeX\tex/latex/graphics\graphics.sty"
Package: graphics 2019/11/30 v1.4a Standard LaTeX Graphics (DPC,SPQR)

("E:\Arief\something soft\MiKTeX\tex/latex/graphics\trig.sty"
Package: trig 2016/01/03 v1.10 sin cos tan (DPC)
)
("E:\Arief\something soft\MiKTeX\tex/latex/graphics-cfg\graphics.cfg"
File: graphics.cfg 2016/06/04 v1.11 sample graphics configuration
)
Package graphics Info: Driver file: pdftex.def on input line 105.

("E:\Arief\something soft\MiKTeX\tex/latex/graphics-def\pdftex.def"
File: pdftex.def 2018/01/08 v1.0l Graphics/color driver for pdftex
))
\Gin@req@height=\dimen143
\Gin@req@width=\dimen144
)
("E:\Arief\something soft\MiKTeX\tex/latex/float\float.sty"
Package: float 2001/11/08 v1.3d Float enhancements (AL)
\c@float@type=\count179
\float@exts=\toks17
\float@box=\box45
\@float@everytoks=\toks18
\@floatcapt=\box46
)
("E:\Arief\something soft\MiKTeX\tex/latex/l3backend\l3backend-pdfmode.def"
File: l3backend-pdfmode.def 2020-08-07 L3 backend support: PDF mode
\l__kernel_color_stack_int=\count180
\l__pdf_internal_box=\box47
)
("Penjelasan arstitektur.aux")
\openout1 = `"Penjelasan arstitektur.aux"'.

LaTeX Font Info:    Checking defaults for OML/cmm/m/it on input line 12.
LaTeX Font Info:    ... okay on input line 12.
LaTeX Font Info:    Checking defaults for OMS/cmsy/m/n on input line 12.
LaTeX Font Info:    ... okay on input line 12.
LaTeX Font Info:    Checking defaults for OT1/cmr/m/n on input line 12.
LaTeX Font Info:    ... okay on input line 12.
LaTeX Font Info:    Checking defaults for T1/cmr/m/n on input line 12.
LaTeX Font Info:    ... okay on input line 12.
LaTeX Font Info:    Checking defaults for TS1/cmr/m/n on input line 12.
LaTeX Font Info:    ... okay on input line 12.
LaTeX Font Info:    Checking defaults for OMX/cmex/m/n on input line 12.
LaTeX Font Info:    ... okay on input line 12.
LaTeX Font Info:    Checking defaults for U/cmr/m/n on input line 12.
LaTeX Font Info:    ... okay on input line 12.

*geometry* driver: auto-detecting
*geometry* detected driver: pdftex
*geometry* verbose mode - [ preamble ] result:
* driver: pdftex
* paper: a4paper
* layout: <same size as paper>
* layoutoffset:(h,v)=(0.0pt,0.0pt)
* modes: 
* h-part:(L,W,R)=(56.9055pt, 483.69684pt, 56.90553pt)
* v-part:(T,H,B)=(56.9055pt, 731.23582pt, 56.90552pt)
* \paperwidth=597.50787pt
* \paperheight=845.04684pt
* \textwidth=483.69684pt
* \textheight=731.23582pt
* \oddsidemargin=-15.36449pt
* \evensidemargin=-15.36449pt
* \topmargin=-52.36449pt
* \headheight=12.0pt
* \headsep=25.0pt
* \topskip=10.0pt
* \footskip=30.0pt
* \marginparwidth=65.0pt
* \marginparsep=11.0pt
* \columnsep=10.0pt
* \skip\footins=9.0pt plus 4.0pt minus 2.0pt
* \hoffset=0.0pt
* \voffset=0.0pt
* \mag=1000
* \@twocolumnfalse
* \@twosidefalse
* \@mparswitchfalse
* \@reversemarginfalse
* (1in=72.27pt=25.4mm, 1cm=28.453pt)

("E:\Arief\something soft\MiKTeX\tex/context/base/mkii\supp-pdf.mkii"
[Loading MPS to PDF converter (version 2006.09.02).]
\scratchcounter=\count181
\scratchdimen=\dimen145
\scratchbox=\box48
\nofMPsegments=\count182
\nofMParguments=\count183
\everyMPshowfont=\toks19
\MPscratchCnt=\count184
\MPscratchDim=\dimen146
\MPnumerator=\count185
\makeMPintoPDFobject=\count186
\everyMPtoPDFconversion=\toks20
) ("E:\Arief\something soft\MiKTeX\tex/latex/epstopdf-pkg\epstopdf-base.sty"
Package: epstopdf-base 2020-01-24 v2.11 Base part for package epstopdf
Package epstopdf-base Info: Redefining graphics rule for `.eps' on input line 4
85.
)
<./images/arsitektur/arsitektur_fig1.png, id=1, 983.3538pt x 231.7458pt>
File: ./images/arsitektur/arsitektur_fig1.png Graphic file (type png)
<use ./images/arsitektur/arsitektur_fig1.png>
Package pdftex.def Info: ./images/arsitektur/arsitektur_fig1.png  used on input
 line 15.
(pdftex.def)             Requested size: 483.69684pt x 113.99138pt.
<./images/arsitektur/arsitektur_fig2.png, id=3, 518.1759pt x 290.5254pt>
File: ./images/arsitektur/arsitektur_fig2.png Graphic file (type png)
<use ./images/arsitektur/arsitektur_fig2.png>
Package pdftex.def Info: ./images/arsitektur/arsitektur_fig2.png  used on input
 line 20.
(pdftex.def)             Requested size: 301.13522pt x 170.64157pt.

[1

{C:/Users/ASUS/AppData/Local/MiKTeX/pdftex/config/pdftex.map} <./images/arsitek
tur/arsitektur_fig1.png> <./images/arsitektur/arsitektur_fig2.png>] [2]
("Penjelasan arstitektur.aux") ) 
Here is how much of TeX's memory you used:
 1726 strings out of 481212
 25732 string characters out of 2912468
 270985 words of memory out of 3000000
 17341 multiletter control sequences out of 15000+200000
 536979 words of font info for 35 fonts, out of 3000000 for 9000
 1141 hyphenation exceptions out of 8191
 36i,5n,33p,367b,228s stack positions out of 5000i,500n,10000p,200000b,50000s
 <C:\Users\ASUS\AppData\Local\MiKTeX\fonts/pk/l
jfour/jknappen/ec/dpi600\tcrm1000.pk><E:/Arief/something soft/MiKTeX/fonts/type
1/public/amsfonts/cm/cmbx12.pfb><E:/Arief/something soft/MiKTeX/fonts/type1/pub
lic/amsfonts/cm/cmr10.pfb><E:/Arief/something soft/MiKTeX/fonts/type1/public/am
sfonts/cm/cmti10.pfb>
Output written on "Penjelasan arstitektur.pdf" (2 pages, 840952 bytes).
PDF statistics:
 31 PDF objects out of 1000 (max. 8388607)
 0 named destinations out of 1000 (max. 500000)
 11 words of extra memory for PDF output out of 10000 (max. 10000000)

